<?xml version="1.0" encoding="UTF-8"?>
<!-- Generated by org.testng.reporters.JUnitReportReporter -->
<testsuite hostname="MSI" failures="0" tests="2" name="com.automationpractice.automationExercise.ExerciseA" time="50.072" errors="0" timestamp="25 avr. 2021 19:04:55 GMT" skipped="0">
  <testcase classname="com.automationpractice.automationExercise.ExerciseA" name="purchaseItemWithNewAccount" time="22.808"/>
  <testcase classname="com.automationpractice.automationExercise.ExerciseA" name="purchaseItemWithNewAccount" time="27.264"/>
</testsuite> <!-- com.automationpractice.automationExercise.ExerciseA -->
