<?xml version="1.0" encoding="UTF-8"?>
<!-- Generated by org.testng.reporters.JUnitReportReporter -->
<testsuite hostname="MSI" failures="0" tests="2" name="com.automationpractice.automationExercise.ExerciseA" time="64.119" errors="0" timestamp="26 avr. 2021 13:37:20 GMT" skipped="0">
  <testcase classname="com.automationpractice.automationExercise.ExerciseA" name="purchaseItemWithNewAccount" time="24.159"/>
  <testcase classname="com.automationpractice.automationExercise.ExerciseA" name="purchaseItemWithNewAccount" time="39.960"/>
</testsuite> <!-- com.automationpractice.automationExercise.ExerciseA -->
