<?xml version="1.0" encoding="UTF-8"?>
<!-- Generated by org.testng.reporters.JUnitReportReporter -->
<testsuite hostname="MSI" failures="0" tests="4" name="com.automationpractice.automationExercise.ExerciseA" time="124.919" errors="0" timestamp="26 avr. 2021 14:10:39 GMT" skipped="0">
  <testcase classname="com.automationpractice.automationExercise.ExerciseA" name="purchaseItemWithNewAccount" time="30.584"/>
  <testcase classname="com.automationpractice.automationExercise.ExerciseA" name="purchaseItemWithNewAccount" time="33.728"/>
  <testcase classname="com.automationpractice.automationExercise.ExerciseA" name="purchaseItemWithNewAccount" time="28.208"/>
  <testcase classname="com.automationpractice.automationExercise.ExerciseA" name="purchaseItemWithNewAccount" time="32.399"/>
</testsuite> <!-- com.automationpractice.automationExercise.ExerciseA -->
