<?xml version="1.0" encoding="UTF-8"?>
<!-- Generated by org.testng.reporters.JUnitReportReporter -->
<testsuite hostname="MSI" failures="0" tests="2" name="com.automationpractice.automationExercise.ExerciseA" time="49.469" errors="0" timestamp="25 avr. 2021 13:14:43 GMT" skipped="0">
  <testcase classname="com.automationpractice.automationExercise.ExerciseA" name="exercise" time="26.267"/>
  <testcase classname="com.automationpractice.automationExercise.ExerciseA" name="exercise" time="23.202"/>
</testsuite> <!-- com.automationpractice.automationExercise.ExerciseA -->
