<?xml version="1.0" encoding="UTF-8"?>
<!-- Generated by org.testng.reporters.JUnitReportReporter -->
<testsuite hostname="MSI" failures="0" tests="6" name="com.automationpractice.automationExercise.ExerciseA" time="182.283" errors="0" timestamp="26 avr. 2021 15:39:05 GMT" skipped="0">
  <testcase classname="com.automationpractice.automationExercise.ExerciseA" name="purchaseItem" time="35.167"/>
  <testcase classname="com.automationpractice.automationExercise.ExerciseA" name="purchaseItem" time="25.168"/>
  <testcase classname="com.automationpractice.automationExercise.ExerciseA" name="purchaseItem" time="27.627"/>
  <testcase classname="com.automationpractice.automationExercise.ExerciseA" name="purchaseItem" time="36.279"/>
  <testcase classname="com.automationpractice.automationExercise.ExerciseA" name="purchaseItem" time="31.666"/>
  <testcase classname="com.automationpractice.automationExercise.ExerciseA" name="purchaseItem" time="26.376"/>
</testsuite> <!-- com.automationpractice.automationExercise.ExerciseA -->
